\BOOKMARK [1][-]{section.1}{\376\377\000I\000n\000t\000r\000o\000d\000u\000\347\000\343\000o}{}% 1
\BOOKMARK [1][-]{section.2}{\376\377\000S\000o\000l\000u\000\347\000\365\000e\000s}{}% 2
\BOOKMARK [2][-]{subsection.2.1}{\376\377\000O\000r\000i\000g\000i\000n\000a\000l}{section.2}% 3
\BOOKMARK [2][-]{subsection.2.2}{\376\377\000O\000r\000i\000g\000i\000n\000a\000l\000\040\000I\000m\000p\000r\000o\000v\000e\000d}{section.2}% 4
\BOOKMARK [2][-]{subsection.2.3}{\376\377\000A\000d\000v\000a\000n\000c\000e\000\040\000a\000n\000d\000\040\000r\000e\000t\000r\000e\000a\000t}{section.2}% 5
\BOOKMARK [2][-]{subsection.2.4}{\376\377\000C\000o\000m\000b\000i\000n\000e\000d}{section.2}% 6
\BOOKMARK [1][-]{section.3}{\376\377\000P\000D\000F\000s\000\040\000d\000e\000\040\000s\000o\000l\000u\000\347\000\365\000e\000s}{}% 7
\BOOKMARK [2][-]{subsection.3.1}{\376\377\000O\000r\000i\000g\000i\000n\000a\000l\000\040\000I\000m\000p\000r\000o\000v\000e\000d}{section.3}% 8
\BOOKMARK [2][-]{subsection.3.2}{\376\377\000A\000d\000v\000a\000n\000c\000e\000\040\000a\000n\000d\000\040\000r\000e\000t\000r\000e\000a\000t}{section.3}% 9
\BOOKMARK [2][-]{subsection.3.3}{\376\377\000C\000o\000m\000b\000i\000n\000e\000d}{section.3}% 10
\BOOKMARK [1][-]{section.4}{\376\377\000T\000e\000m\000p\000o\000s\000\040\000d\000e\000\040\000e\000x\000e\000c\000u\000\347\000\343\000o\000\040\000e\000\040\000e\000s\000t\000i\000m\000a\000t\000i\000v\000a\000s}{}% 11
\BOOKMARK [2][-]{subsection.4.1}{\376\377\000O\000r\000i\000g\000i\000n\000a\000l}{section.4}% 12
\BOOKMARK [2][-]{subsection.4.2}{\376\377\000O\000r\000i\000g\000i\000n\000a\000l\000\040\000I\000m\000p\000r\000o\000v\000e\000d}{section.4}% 13
\BOOKMARK [2][-]{subsection.4.3}{\376\377\000A\000d\000v\000a\000n\000c\000e\000\040\000a\000n\000d\000\040\000r\000e\000t\000r\000e\000a\000t}{section.4}% 14
\BOOKMARK [2][-]{subsection.4.4}{\376\377\000C\000o\000m\000b\000i\000n\000e\000d}{section.4}% 15
\BOOKMARK [1][-]{section.5}{\376\377\000C\000o\000n\000c\000l\000u\000s\000\343\000o}{}% 16
\BOOKMARK [1][-]{section.6}{\376\377\000C\000\363\000d\000i\000g\000o}{}% 17
\BOOKMARK [2][-]{subsection.6.1}{\376\377\000O\000r\000i\000g\000i\000n\000a\000l\000\040\000I\000m\000p\000r\000o\000v\000e\000d}{section.6}% 18
\BOOKMARK [2][-]{subsection.6.2}{\376\377\000A\000d\000v\000a\000n\000c\000e\000\040\000a\000n\000d\000\040\000r\000e\000t\000r\000e\000a\000t}{section.6}% 19
\BOOKMARK [2][-]{subsection.6.3}{\376\377\000C\000o\000m\000b\000i\000n\000e\000d}{section.6}% 20
\BOOKMARK [2][-]{subsection.6.4}{\376\377\000A\000j\000u\000s\000t\000e\000\040\000d\000o\000s\000\040\000d\000a\000d\000o\000s\000\040\000o\000b\000t\000i\000d\000o\000s\000\040\000u\000t\000i\000l\000i\000z\000a\000n\000d\000o\000\040\000o\000\040\000M\000A\000T\000L\000A\000B}{section.6}% 21
